The system is: Linux - 3.13.0-52-generic - x86_64
Compiling the C compiler identification source file "CMakeCCompilerId.c" succeeded.
Compiler: /usr/bin/cc 
Build flags: 
Id flags: 

The output was:
0


Compilation of the C compiler identification source "CMakeCCompilerId.c" produced "a.out"

The C compiler identification is GNU, found in "/home/ritwik/oculus_project/OculusMatlab/build/CMakeFiles/2.8.12.2/CompilerIdC/a.out"

Compiling the CXX compiler identification source file "CMakeCXXCompilerId.cpp" succeeded.
Compiler: /usr/bin/c++ 
Build flags: 
Id flags: 

The output was:
0


Compilation of the CXX compiler identification source "CMakeCXXCompilerId.cpp" produced "a.out"

The CXX compiler identification is GNU, found in "/home/ritwik/oculus_project/OculusMatlab/build/CMakeFiles/2.8.12.2/CompilerIdCXX/a.out"

Determining if the C compiler works passed with the following output:
Change Dir: /home/ritwik/oculus_project/OculusMatlab/build/CMakeFiles/CMakeTmp

Run Build Command:/usr/bin/make "cmTryCompileExec3261936328/fast"
/usr/bin/make -f CMakeFiles/cmTryCompileExec3261936328.dir/build.make CMakeFiles/cmTryCompileExec3261936328.dir/build
make[1]: Entering directory `/home/ritwik/oculus_project/OculusMatlab/build/CMakeFiles/CMakeTmp'
/usr/bin/cmake -E cmake_progress_report /home/ritwik/oculus_project/OculusMatlab/build/CMakeFiles/CMakeTmp/CMakeFiles 1
Building C object CMakeFiles/cmTryCompileExec3261936328.dir/testCCompiler.c.o
/usr/bin/cc    -o CMakeFiles/cmTryCompileExec3261936328.dir/testCCompiler.c.o   -c /home/ritwik/oculus_project/OculusMatlab/build/CMakeFiles/CMakeTmp/testCCompiler.c
Linking C executable cmTryCompileExec3261936328
/usr/bin/cmake -E cmake_link_script CMakeFiles/cmTryCompileExec3261936328.dir/link.txt --verbose=1
/usr/bin/cc       CMakeFiles/cmTryCompileExec3261936328.dir/testCCompiler.c.o  -o cmTryCompileExec3261936328 -rdynamic 
make[1]: Leaving directory `/home/ritwik/oculus_project/OculusMatlab/build/CMakeFiles/CMakeTmp'


Detecting C compiler ABI info compiled with the following output:
Change Dir: /home/ritwik/oculus_project/OculusMatlab/build/CMakeFiles/CMakeTmp

Run Build Command:/usr/bin/make "cmTryCompileExec3272113594/fast"
/usr/bin/make -f CMakeFiles/cmTryCompileExec3272113594.dir/build.make CMakeFiles/cmTryCompileExec3272113594.dir/build
make[1]: Entering directory `/home/ritwik/oculus_project/OculusMatlab/build/CMakeFiles/CMakeTmp'
/usr/bin/cmake -E cmake_progress_report /home/ritwik/oculus_project/OculusMatlab/build/CMakeFiles/CMakeTmp/CMakeFiles 1
Building C object CMakeFiles/cmTryCompileExec3272113594.dir/CMakeCCompilerABI.c.o
/usr/bin/cc    -o CMakeFiles/cmTryCompileExec3272113594.dir/CMakeCCompilerABI.c.o   -c /usr/share/cmake-2.8/Modules/CMakeCCompilerABI.c
Linking C executable cmTryCompileExec3272113594
/usr/bin/cmake -E cmake_link_script CMakeFiles/cmTryCompileExec3272113594.dir/link.txt --verbose=1
/usr/bin/cc     -v CMakeFiles/cmTryCompileExec3272113594.dir/CMakeCCompilerABI.c.o  -o cmTryCompileExec3272113594 -rdynamic  
Using built-in specs.
COLLECT_GCC=/usr/bin/cc
COLLECT_LTO_WRAPPER=/usr/lib/gcc/x86_64-linux-gnu/4.8/lto-wrapper
Target: x86_64-linux-gnu
Configured with: ../src/configure -v --with-pkgversion='Ubuntu 4.8.2-19ubuntu1' --with-bugurl=file:///usr/share/doc/gcc-4.8/README.Bugs --enable-languages=c,c++,java,go,d,fortran,objc,obj-c++ --prefix=/usr --program-suffix=-4.8 --enable-shared --enable-linker-build-id --libexecdir=/usr/lib --without-included-gettext --enable-threads=posix --with-gxx-include-dir=/usr/include/c++/4.8 --libdir=/usr/lib --enable-nls --with-sysroot=/ --enable-clocale=gnu --enable-libstdcxx-debug --enable-libstdcxx-time=yes --enable-gnu-unique-object --disable-libmudflap --enable-plugin --with-system-zlib --disable-browser-plugin --enable-java-awt=gtk --enable-gtk-cairo --with-java-home=/usr/lib/jvm/java-1.5.0-gcj-4.8-amd64/jre --enable-java-home --with-jvm-root-dir=/usr/lib/jvm/java-1.5.0-gcj-4.8-amd64 --with-jvm-jar-dir=/usr/lib/jvm-exports/java-1.5.0-gcj-4.8-amd64 --with-arch-directory=amd64 --with-ecj-jar=/usr/share/java/eclipse-ecj.jar --enable-objc-gc --enable-multiarch --disable-werror --with-arch-32=i686 --with-abi=m64 --with-multilib-list=m32,m64,mx32 --with-tune=generic --enable-checking=release --build=x86_64-linux-gnu --host=x86_64-linux-gnu --target=x86_64-linux-gnu
Thread model: posix
gcc version 4.8.2 (Ubuntu 4.8.2-19ubuntu1) 
COMPILER_PATH=/usr/lib/gcc/x86_64-linux-gnu/4.8/:/usr/lib/gcc/x86_64-linux-gnu/4.8/:/usr/lib/gcc/x86_64-linux-gnu/:/usr/lib/gcc/x86_64-linux-gnu/4.8/:/usr/lib/gcc/x86_64-linux-gnu/
LIBRARY_PATH=/usr/lib/gcc/x86_64-linux-gnu/4.8/:/usr/lib/gcc/x86_64-linux-gnu/4.8/../../../x86_64-linux-gnu/:/usr/lib/gcc/x86_64-linux-gnu/4.8/../../../../lib/:/lib/x86_64-linux-gnu/:/lib/../lib/:/usr/lib/x86_64-linux-gnu/:/usr/lib/../lib/:/usr/lib/gcc/x86_64-linux-gnu/4.8/../../../:/lib/:/usr/lib/
COLLECT_GCC_OPTIONS='-v' '-o' 'cmTryCompileExec3272113594' '-rdynamic' '-mtune=generic' '-march=x86-64'
 /usr/lib/gcc/x86_64-linux-gnu/4.8/collect2 --sysroot=/ --build-id --eh-frame-hdr -m elf_x86_64 --hash-style=gnu --as-needed -export-dynamic -dynamic-linker /lib64/ld-linux-x86-64.so.2 -z relro -o cmTryCompileExec3272113594 /usr/lib/gcc/x86_64-linux-gnu/4.8/../../../x86_64-linux-gnu/crt1.o /usr/lib/gcc/x86_64-linux-gnu/4.8/../../../x86_64-linux-gnu/crti.o /usr/lib/gcc/x86_64-linux-gnu/4.8/crtbegin.o -L/usr/lib/gcc/x86_64-linux-gnu/4.8 -L/usr/lib/gcc/x86_64-linux-gnu/4.8/../../../x86_64-linux-gnu -L/usr/lib/gcc/x86_64-linux-gnu/4.8/../../../../lib -L/lib/x86_64-linux-gnu -L/lib/../lib -L/usr/lib/x86_64-linux-gnu -L/usr/lib/../lib -L/usr/lib/gcc/x86_64-linux-gnu/4.8/../../.. CMakeFiles/cmTryCompileExec3272113594.dir/CMakeCCompilerABI.c.o -lgcc --as-needed -lgcc_s --no-as-needed -lc -lgcc --as-needed -lgcc_s --no-as-needed /usr/lib/gcc/x86_64-linux-gnu/4.8/crtend.o /usr/lib/gcc/x86_64-linux-gnu/4.8/../../../x86_64-linux-gnu/crtn.o
make[1]: Leaving directory `/home/ritwik/oculus_project/OculusMatlab/build/CMakeFiles/CMakeTmp'


Parsed C implicit link information from above output:
  link line regex: [^( *|.*[/\])(ld|([^/\]+-)?ld|collect2)[^/\]*( |$)]
  ignore line: [Change Dir: /home/ritwik/oculus_project/OculusMatlab/build/CMakeFiles/CMakeTmp]
  ignore line: []
  ignore line: [Run Build Command:/usr/bin/make "cmTryCompileExec3272113594/fast"]
  ignore line: [/usr/bin/make -f CMakeFiles/cmTryCompileExec3272113594.dir/build.make CMakeFiles/cmTryCompileExec3272113594.dir/build]
  ignore line: [make[1]: Entering directory `/home/ritwik/oculus_project/OculusMatlab/build/CMakeFiles/CMakeTmp']
  ignore line: [/usr/bin/cmake -E cmake_progress_report /home/ritwik/oculus_project/OculusMatlab/build/CMakeFiles/CMakeTmp/CMakeFiles 1]
  ignore line: [Building C object CMakeFiles/cmTryCompileExec3272113594.dir/CMakeCCompilerABI.c.o]
  ignore line: [/usr/bin/cc    -o CMakeFiles/cmTryCompileExec3272113594.dir/CMakeCCompilerABI.c.o   -c /usr/share/cmake-2.8/Modules/CMakeCCompilerABI.c]
  ignore line: [Linking C executable cmTryCompileExec3272113594]
  ignore line: [/usr/bin/cmake -E cmake_link_script CMakeFiles/cmTryCompileExec3272113594.dir/link.txt --verbose=1]
  ignore line: [/usr/bin/cc     -v CMakeFiles/cmTryCompileExec3272113594.dir/CMakeCCompilerABI.c.o  -o cmTryCompileExec3272113594 -rdynamic  ]
  ignore line: [Using built-in specs.]
  ignore line: [COLLECT_GCC=/usr/bin/cc]
  ignore line: [COLLECT_LTO_WRAPPER=/usr/lib/gcc/x86_64-linux-gnu/4.8/lto-wrapper]
  ignore line: [Target: x86_64-linux-gnu]
  ignore line: [Configured with: ../src/configure -v --with-pkgversion='Ubuntu 4.8.2-19ubuntu1' --with-bugurl=file:///usr/share/doc/gcc-4.8/README.Bugs --enable-languages=c,c++,java,go,d,fortran,objc,obj-c++ --prefix=/usr --program-suffix=-4.8 --enable-shared --enable-linker-build-id --libexecdir=/usr/lib --without-included-gettext --enable-threads=posix --with-gxx-include-dir=/usr/include/c++/4.8 --libdir=/usr/lib --enable-nls --with-sysroot=/ --enable-clocale=gnu --enable-libstdcxx-debug --enable-libstdcxx-time=yes --enable-gnu-unique-object --disable-libmudflap --enable-plugin --with-system-zlib --disable-browser-plugin --enable-java-awt=gtk --enable-gtk-cairo --with-java-home=/usr/lib/jvm/java-1.5.0-gcj-4.8-amd64/jre --enable-java-home --with-jvm-root-dir=/usr/lib/jvm/java-1.5.0-gcj-4.8-amd64 --with-jvm-jar-dir=/usr/lib/jvm-exports/java-1.5.0-gcj-4.8-amd64 --with-arch-directory=amd64 --with-ecj-jar=/usr/share/java/eclipse-ecj.jar --enable-objc-gc --enable-multiarch --disable-werror --with-arch-32=i686 --with-abi=m64 --with-multilib-list=m32,m64,mx32 --with-tune=generic --enable-checking=release --build=x86_64-linux-gnu --host=x86_64-linux-gnu --target=x86_64-linux-gnu]
  ignore line: [Thread model: posix]
  ignore line: [gcc version 4.8.2 (Ubuntu 4.8.2-19ubuntu1) ]
  ignore line: [COMPILER_PATH=/usr/lib/gcc/x86_64-linux-gnu/4.8/:/usr/lib/gcc/x86_64-linux-gnu/4.8/:/usr/lib/gcc/x86_64-linux-gnu/:/usr/lib/gcc/x86_64-linux-gnu/4.8/:/usr/lib/gcc/x86_64-linux-gnu/]
  ignore line: [LIBRARY_PATH=/usr/lib/gcc/x86_64-linux-gnu/4.8/:/usr/lib/gcc/x86_64-linux-gnu/4.8/../../../x86_64-linux-gnu/:/usr/lib/gcc/x86_64-linux-gnu/4.8/../../../../lib/:/lib/x86_64-linux-gnu/:/lib/../lib/:/usr/lib/x86_64-linux-gnu/:/usr/lib/../lib/:/usr/lib/gcc/x86_64-linux-gnu/4.8/../../../:/lib/:/usr/lib/]
  ignore line: [COLLECT_GCC_OPTIONS='-v' '-o' 'cmTryCompileExec3272113594' '-rdynamic' '-mtune=generic' '-march=x86-64']
  link line: [ /usr/lib/gcc/x86_64-linux-gnu/4.8/collect2 --sysroot=/ --build-id --eh-frame-hdr -m elf_x86_64 --hash-style=gnu --as-needed -export-dynamic -dynamic-linker /lib64/ld-linux-x86-64.so.2 -z relro -o cmTryCompileExec3272113594 /usr/lib/gcc/x86_64-linux-gnu/4.8/../../../x86_64-linux-gnu/crt1.o /usr/lib/gcc/x86_64-linux-gnu/4.8/../../../x86_64-linux-gnu/crti.o /usr/lib/gcc/x86_64-linux-gnu/4.8/crtbegin.o -L/usr/lib/gcc/x86_64-linux-gnu/4.8 -L/usr/lib/gcc/x86_64-linux-gnu/4.8/../../../x86_64-linux-gnu -L/usr/lib/gcc/x86_64-linux-gnu/4.8/../../../../lib -L/lib/x86_64-linux-gnu -L/lib/../lib -L/usr/lib/x86_64-linux-gnu -L/usr/lib/../lib -L/usr/lib/gcc/x86_64-linux-gnu/4.8/../../.. CMakeFiles/cmTryCompileExec3272113594.dir/CMakeCCompilerABI.c.o -lgcc --as-needed -lgcc_s --no-as-needed -lc -lgcc --as-needed -lgcc_s --no-as-needed /usr/lib/gcc/x86_64-linux-gnu/4.8/crtend.o /usr/lib/gcc/x86_64-linux-gnu/4.8/../../../x86_64-linux-gnu/crtn.o]
    arg [/usr/lib/gcc/x86_64-linux-gnu/4.8/collect2] ==> ignore
    arg [--sysroot=/] ==> ignore
    arg [--build-id] ==> ignore
    arg [--eh-frame-hdr] ==> ignore
    arg [-m] ==> ignore
    arg [elf_x86_64] ==> ignore
    arg [--hash-style=gnu] ==> ignore
    arg [--as-needed] ==> ignore
    arg [-export-dynamic] ==> ignore
    arg [-dynamic-linker] ==> ignore
    arg [/lib64/ld-linux-x86-64.so.2] ==> ignore
    arg [-zrelro] ==> ignore
    arg [-o] ==> ignore
    arg [cmTryCompileExec3272113594] ==> ignore
    arg [/usr/lib/gcc/x86_64-linux-gnu/4.8/../../../x86_64-linux-gnu/crt1.o] ==> ignore
    arg [/usr/lib/gcc/x86_64-linux-gnu/4.8/../../../x86_64-linux-gnu/crti.o] ==> ignore
    arg [/usr/lib/gcc/x86_64-linux-gnu/4.8/crtbegin.o] ==> ignore
    arg [-L/usr/lib/gcc/x86_64-linux-gnu/4.8] ==> dir [/usr/lib/gcc/x86_64-linux-gnu/4.8]
    arg [-L/usr/lib/gcc/x86_64-linux-gnu/4.8/../../../x86_64-linux-gnu] ==> dir [/usr/lib/gcc/x86_64-linux-gnu/4.8/../../../x86_64-linux-gnu]
    arg [-L/usr/lib/gcc/x86_64-linux-gnu/4.8/../../../../lib] ==> dir [/usr/lib/gcc/x86_64-linux-gnu/4.8/../../../../lib]
    arg [-L/lib/x86_64-linux-gnu] ==> dir [/lib/x86_64-linux-gnu]
    arg [-L/lib/../lib] ==> dir [/lib/../lib]
    arg [-L/usr/lib/x86_64-linux-gnu] ==> dir [/usr/lib/x86_64-linux-gnu]
    arg [-L/usr/lib/../lib] ==> dir [/usr/lib/../lib]
    arg [-L/usr/lib/gcc/x86_64-linux-gnu/4.8/../../..] ==> dir [/usr/lib/gcc/x86_64-linux-gnu/4.8/../../..]
    arg [CMakeFiles/cmTryCompileExec3272113594.dir/CMakeCCompilerABI.c.o] ==> ignore
    arg [-lgcc] ==> lib [gcc]
    arg [--as-needed] ==> ignore
    arg [-lgcc_s] ==> lib [gcc_s]
    arg [--no-as-needed] ==> ignore
    arg [-lc] ==> lib [c]
    arg [-lgcc] ==> lib [gcc]
    arg [--as-needed] ==> ignore
    arg [-lgcc_s] ==> lib [gcc_s]
    arg [--no-as-needed] ==> ignore
    arg [/usr/lib/gcc/x86_64-linux-gnu/4.8/crtend.o] ==> ignore
    arg [/usr/lib/gcc/x86_64-linux-gnu/4.8/../../../x86_64-linux-gnu/crtn.o] ==> ignore
  remove lib [gcc]
  remove lib [gcc_s]
  remove lib [gcc]
  remove lib [gcc_s]
  collapse library dir [/usr/lib/gcc/x86_64-linux-gnu/4.8] ==> [/usr/lib/gcc/x86_64-linux-gnu/4.8]
  collapse library dir [/usr/lib/gcc/x86_64-linux-gnu/4.8/../../../x86_64-linux-gnu] ==> [/usr/lib/x86_64-linux-gnu]
  collapse library dir [/usr/lib/gcc/x86_64-linux-gnu/4.8/../../../../lib] ==> [/usr/lib]
  collapse library dir [/lib/x86_64-linux-gnu] ==> [/lib/x86_64-linux-gnu]
  collapse library dir [/lib/../lib] ==> [/lib]
  collapse library dir [/usr/lib/x86_64-linux-gnu] ==> [/usr/lib/x86_64-linux-gnu]
  collapse library dir [/usr/lib/../lib] ==> [/usr/lib]
  collapse library dir [/usr/lib/gcc/x86_64-linux-gnu/4.8/../../..] ==> [/usr/lib]
  implicit libs: [c]
  implicit dirs: [/usr/lib/gcc/x86_64-linux-gnu/4.8;/usr/lib/x86_64-linux-gnu;/usr/lib;/lib/x86_64-linux-gnu;/lib]
  implicit fwks: []


Determining if the CXX compiler works passed with the following output:
Change Dir: /home/ritwik/oculus_project/OculusMatlab/build/CMakeFiles/CMakeTmp

Run Build Command:/usr/bin/make "cmTryCompileExec3931577620/fast"
/usr/bin/make -f CMakeFiles/cmTryCompileExec3931577620.dir/build.make CMakeFiles/cmTryCompileExec3931577620.dir/build
make[1]: Entering directory `/home/ritwik/oculus_project/OculusMatlab/build/CMakeFiles/CMakeTmp'
/usr/bin/cmake -E cmake_progress_report /home/ritwik/oculus_project/OculusMatlab/build/CMakeFiles/CMakeTmp/CMakeFiles 1
Building CXX object CMakeFiles/cmTryCompileExec3931577620.dir/testCXXCompiler.cxx.o
/usr/bin/c++     -o CMakeFiles/cmTryCompileExec3931577620.dir/testCXXCompiler.cxx.o -c /home/ritwik/oculus_project/OculusMatlab/build/CMakeFiles/CMakeTmp/testCXXCompiler.cxx
Linking CXX executable cmTryCompileExec3931577620
/usr/bin/cmake -E cmake_link_script CMakeFiles/cmTryCompileExec3931577620.dir/link.txt --verbose=1
/usr/bin/c++        CMakeFiles/cmTryCompileExec3931577620.dir/testCXXCompiler.cxx.o  -o cmTryCompileExec3931577620 -rdynamic 
make[1]: Leaving directory `/home/ritwik/oculus_project/OculusMatlab/build/CMakeFiles/CMakeTmp'


Detecting CXX compiler ABI info compiled with the following output:
Change Dir: /home/ritwik/oculus_project/OculusMatlab/build/CMakeFiles/CMakeTmp

Run Build Command:/usr/bin/make "cmTryCompileExec2503124609/fast"
/usr/bin/make -f CMakeFiles/cmTryCompileExec2503124609.dir/build.make CMakeFiles/cmTryCompileExec2503124609.dir/build
make[1]: Entering directory `/home/ritwik/oculus_project/OculusMatlab/build/CMakeFiles/CMakeTmp'
/usr/bin/cmake -E cmake_progress_report /home/ritwik/oculus_project/OculusMatlab/build/CMakeFiles/CMakeTmp/CMakeFiles 1
Building CXX object CMakeFiles/cmTryCompileExec2503124609.dir/CMakeCXXCompilerABI.cpp.o
/usr/bin/c++     -o CMakeFiles/cmTryCompileExec2503124609.dir/CMakeCXXCompilerABI.cpp.o -c /usr/share/cmake-2.8/Modules/CMakeCXXCompilerABI.cpp
Linking CXX executable cmTryCompileExec2503124609
/usr/bin/cmake -E cmake_link_script CMakeFiles/cmTryCompileExec2503124609.dir/link.txt --verbose=1
/usr/bin/c++      -v CMakeFiles/cmTryCompileExec2503124609.dir/CMakeCXXCompilerABI.cpp.o  -o cmTryCompileExec2503124609 -rdynamic  
Using built-in specs.
COLLECT_GCC=/usr/bin/c++
COLLECT_LTO_WRAPPER=/usr/lib/gcc/x86_64-linux-gnu/4.8/lto-wrapper
Target: x86_64-linux-gnu
Configured with: ../src/configure -v --with-pkgversion='Ubuntu 4.8.2-19ubuntu1' --with-bugurl=file:///usr/share/doc/gcc-4.8/README.Bugs --enable-languages=c,c++,java,go,d,fortran,objc,obj-c++ --prefix=/usr --program-suffix=-4.8 --enable-shared --enable-linker-build-id --libexecdir=/usr/lib --without-included-gettext --enable-threads=posix --with-gxx-include-dir=/usr/include/c++/4.8 --libdir=/usr/lib --enable-nls --with-sysroot=/ --enable-clocale=gnu --enable-libstdcxx-debug --enable-libstdcxx-time=yes --enable-gnu-unique-object --disable-libmudflap --enable-plugin --with-system-zlib --disable-browser-plugin --enable-java-awt=gtk --enable-gtk-cairo --with-java-home=/usr/lib/jvm/java-1.5.0-gcj-4.8-amd64/jre --enable-java-home --with-jvm-root-dir=/usr/lib/jvm/java-1.5.0-gcj-4.8-amd64 --with-jvm-jar-dir=/usr/lib/jvm-exports/java-1.5.0-gcj-4.8-amd64 --with-arch-directory=amd64 --with-ecj-jar=/usr/share/java/eclipse-ecj.jar --enable-objc-gc --enable-multiarch --disable-werror --with-arch-32=i686 --with-abi=m64 --with-multilib-list=m32,m64,mx32 --with-tune=generic --enable-checking=release --build=x86_64-linux-gnu --host=x86_64-linux-gnu --target=x86_64-linux-gnu
Thread model: posix
gcc version 4.8.2 (Ubuntu 4.8.2-19ubuntu1) 
COMPILER_PATH=/usr/lib/gcc/x86_64-linux-gnu/4.8/:/usr/lib/gcc/x86_64-linux-gnu/4.8/:/usr/lib/gcc/x86_64-linux-gnu/:/usr/lib/gcc/x86_64-linux-gnu/4.8/:/usr/lib/gcc/x86_64-linux-gnu/
LIBRARY_PATH=/usr/lib/gcc/x86_64-linux-gnu/4.8/:/usr/lib/gcc/x86_64-linux-gnu/4.8/../../../x86_64-linux-gnu/:/usr/lib/gcc/x86_64-linux-gnu/4.8/../../../../lib/:/lib/x86_64-linux-gnu/:/lib/../lib/:/usr/lib/x86_64-linux-gnu/:/usr/lib/../lib/:/usr/lib/gcc/x86_64-linux-gnu/4.8/../../../:/lib/:/usr/lib/
COLLECT_GCC_OPTIONS='-v' '-o' 'cmTryCompileExec2503124609' '-rdynamic' '-shared-libgcc' '-mtune=generic' '-march=x86-64'
 /usr/lib/gcc/x86_64-linux-gnu/4.8/collect2 --sysroot=/ --build-id --eh-frame-hdr -m elf_x86_64 --hash-style=gnu --as-needed -export-dynamic -dynamic-linker /lib64/ld-linux-x86-64.so.2 -z relro -o cmTryCompileExec2503124609 /usr/lib/gcc/x86_64-linux-gnu/4.8/../../../x86_64-linux-gnu/crt1.o /usr/lib/gcc/x86_64-linux-gnu/4.8/../../../x86_64-linux-gnu/crti.o /usr/lib/gcc/x86_64-linux-gnu/4.8/crtbegin.o -L/usr/lib/gcc/x86_64-linux-gnu/4.8 -L/usr/lib/gcc/x86_64-linux-gnu/4.8/../../../x86_64-linux-gnu -L/usr/lib/gcc/x86_64-linux-gnu/4.8/../../../../lib -L/lib/x86_64-linux-gnu -L/lib/../lib -L/usr/lib/x86_64-linux-gnu -L/usr/lib/../lib -L/usr/lib/gcc/x86_64-linux-gnu/4.8/../../.. CMakeFiles/cmTryCompileExec2503124609.dir/CMakeCXXCompilerABI.cpp.o -lstdc++ -lm -lgcc_s -lgcc -lc -lgcc_s -lgcc /usr/lib/gcc/x86_64-linux-gnu/4.8/crtend.o /usr/lib/gcc/x86_64-linux-gnu/4.8/../../../x86_64-linux-gnu/crtn.o
make[1]: Leaving directory `/home/ritwik/oculus_project/OculusMatlab/build/CMakeFiles/CMakeTmp'


Parsed CXX implicit link information from above output:
  link line regex: [^( *|.*[/\])(ld|([^/\]+-)?ld|collect2)[^/\]*( |$)]
  ignore line: [Change Dir: /home/ritwik/oculus_project/OculusMatlab/build/CMakeFiles/CMakeTmp]
  ignore line: []
  ignore line: [Run Build Command:/usr/bin/make "cmTryCompileExec2503124609/fast"]
  ignore line: [/usr/bin/make -f CMakeFiles/cmTryCompileExec2503124609.dir/build.make CMakeFiles/cmTryCompileExec2503124609.dir/build]
  ignore line: [make[1]: Entering directory `/home/ritwik/oculus_project/OculusMatlab/build/CMakeFiles/CMakeTmp']
  ignore line: [/usr/bin/cmake -E cmake_progress_report /home/ritwik/oculus_project/OculusMatlab/build/CMakeFiles/CMakeTmp/CMakeFiles 1]
  ignore line: [Building CXX object CMakeFiles/cmTryCompileExec2503124609.dir/CMakeCXXCompilerABI.cpp.o]
  ignore line: [/usr/bin/c++     -o CMakeFiles/cmTryCompileExec2503124609.dir/CMakeCXXCompilerABI.cpp.o -c /usr/share/cmake-2.8/Modules/CMakeCXXCompilerABI.cpp]
  ignore line: [Linking CXX executable cmTryCompileExec2503124609]
  ignore line: [/usr/bin/cmake -E cmake_link_script CMakeFiles/cmTryCompileExec2503124609.dir/link.txt --verbose=1]
  ignore line: [/usr/bin/c++      -v CMakeFiles/cmTryCompileExec2503124609.dir/CMakeCXXCompilerABI.cpp.o  -o cmTryCompileExec2503124609 -rdynamic  ]
  ignore line: [Using built-in specs.]
  ignore line: [COLLECT_GCC=/usr/bin/c++]
  ignore line: [COLLECT_LTO_WRAPPER=/usr/lib/gcc/x86_64-linux-gnu/4.8/lto-wrapper]
  ignore line: [Target: x86_64-linux-gnu]
  ignore line: [Configured with: ../src/configure -v --with-pkgversion='Ubuntu 4.8.2-19ubuntu1' --with-bugurl=file:///usr/share/doc/gcc-4.8/README.Bugs --enable-languages=c,c++,java,go,d,fortran,objc,obj-c++ --prefix=/usr --program-suffix=-4.8 --enable-shared --enable-linker-build-id --libexecdir=/usr/lib --without-included-gettext --enable-threads=posix --with-gxx-include-dir=/usr/include/c++/4.8 --libdir=/usr/lib --enable-nls --with-sysroot=/ --enable-clocale=gnu --enable-libstdcxx-debug --enable-libstdcxx-time=yes --enable-gnu-unique-object --disable-libmudflap --enable-plugin --with-system-zlib --disable-browser-plugin --enable-java-awt=gtk --enable-gtk-cairo --with-java-home=/usr/lib/jvm/java-1.5.0-gcj-4.8-amd64/jre --enable-java-home --with-jvm-root-dir=/usr/lib/jvm/java-1.5.0-gcj-4.8-amd64 --with-jvm-jar-dir=/usr/lib/jvm-exports/java-1.5.0-gcj-4.8-amd64 --with-arch-directory=amd64 --with-ecj-jar=/usr/share/java/eclipse-ecj.jar --enable-objc-gc --enable-multiarch --disable-werror --with-arch-32=i686 --with-abi=m64 --with-multilib-list=m32,m64,mx32 --with-tune=generic --enable-checking=release --build=x86_64-linux-gnu --host=x86_64-linux-gnu --target=x86_64-linux-gnu]
  ignore line: [Thread model: posix]
  ignore line: [gcc version 4.8.2 (Ubuntu 4.8.2-19ubuntu1) ]
  ignore line: [COMPILER_PATH=/usr/lib/gcc/x86_64-linux-gnu/4.8/:/usr/lib/gcc/x86_64-linux-gnu/4.8/:/usr/lib/gcc/x86_64-linux-gnu/:/usr/lib/gcc/x86_64-linux-gnu/4.8/:/usr/lib/gcc/x86_64-linux-gnu/]
  ignore line: [LIBRARY_PATH=/usr/lib/gcc/x86_64-linux-gnu/4.8/:/usr/lib/gcc/x86_64-linux-gnu/4.8/../../../x86_64-linux-gnu/:/usr/lib/gcc/x86_64-linux-gnu/4.8/../../../../lib/:/lib/x86_64-linux-gnu/:/lib/../lib/:/usr/lib/x86_64-linux-gnu/:/usr/lib/../lib/:/usr/lib/gcc/x86_64-linux-gnu/4.8/../../../:/lib/:/usr/lib/]
  ignore line: [COLLECT_GCC_OPTIONS='-v' '-o' 'cmTryCompileExec2503124609' '-rdynamic' '-shared-libgcc' '-mtune=generic' '-march=x86-64']
  link line: [ /usr/lib/gcc/x86_64-linux-gnu/4.8/collect2 --sysroot=/ --build-id --eh-frame-hdr -m elf_x86_64 --hash-style=gnu --as-needed -export-dynamic -dynamic-linker /lib64/ld-linux-x86-64.so.2 -z relro -o cmTryCompileExec2503124609 /usr/lib/gcc/x86_64-linux-gnu/4.8/../../../x86_64-linux-gnu/crt1.o /usr/lib/gcc/x86_64-linux-gnu/4.8/../../../x86_64-linux-gnu/crti.o /usr/lib/gcc/x86_64-linux-gnu/4.8/crtbegin.o -L/usr/lib/gcc/x86_64-linux-gnu/4.8 -L/usr/lib/gcc/x86_64-linux-gnu/4.8/../../../x86_64-linux-gnu -L/usr/lib/gcc/x86_64-linux-gnu/4.8/../../../../lib -L/lib/x86_64-linux-gnu -L/lib/../lib -L/usr/lib/x86_64-linux-gnu -L/usr/lib/../lib -L/usr/lib/gcc/x86_64-linux-gnu/4.8/../../.. CMakeFiles/cmTryCompileExec2503124609.dir/CMakeCXXCompilerABI.cpp.o -lstdc++ -lm -lgcc_s -lgcc -lc -lgcc_s -lgcc /usr/lib/gcc/x86_64-linux-gnu/4.8/crtend.o /usr/lib/gcc/x86_64-linux-gnu/4.8/../../../x86_64-linux-gnu/crtn.o]
    arg [/usr/lib/gcc/x86_64-linux-gnu/4.8/collect2] ==> ignore
    arg [--sysroot=/] ==> ignore
    arg [--build-id] ==> ignore
    arg [--eh-frame-hdr] ==> ignore
    arg [-m] ==> ignore
    arg [elf_x86_64] ==> ignore
    arg [--hash-style=gnu] ==> ignore
    arg [--as-needed] ==> ignore
    arg [-export-dynamic] ==> ignore
    arg [-dynamic-linker] ==> ignore
    arg [/lib64/ld-linux-x86-64.so.2] ==> ignore
    arg [-zrelro] ==> ignore
    arg [-o] ==> ignore
    arg [cmTryCompileExec2503124609] ==> ignore
    arg [/usr/lib/gcc/x86_64-linux-gnu/4.8/../../../x86_64-linux-gnu/crt1.o] ==> ignore
    arg [/usr/lib/gcc/x86_64-linux-gnu/4.8/../../../x86_64-linux-gnu/crti.o] ==> ignore
    arg [/usr/lib/gcc/x86_64-linux-gnu/4.8/crtbegin.o] ==> ignore
    arg [-L/usr/lib/gcc/x86_64-linux-gnu/4.8] ==> dir [/usr/lib/gcc/x86_64-linux-gnu/4.8]
    arg [-L/usr/lib/gcc/x86_64-linux-gnu/4.8/../../../x86_64-linux-gnu] ==> dir [/usr/lib/gcc/x86_64-linux-gnu/4.8/../../../x86_64-linux-gnu]
    arg [-L/usr/lib/gcc/x86_64-linux-gnu/4.8/../../../../lib] ==> dir [/usr/lib/gcc/x86_64-linux-gnu/4.8/../../../../lib]
    arg [-L/lib/x86_64-linux-gnu] ==> dir [/lib/x86_64-linux-gnu]
    arg [-L/lib/../lib] ==> dir [/lib/../lib]
    arg [-L/usr/lib/x86_64-linux-gnu] ==> dir [/usr/lib/x86_64-linux-gnu]
    arg [-L/usr/lib/../lib] ==> dir [/usr/lib/../lib]
    arg [-L/usr/lib/gcc/x86_64-linux-gnu/4.8/../../..] ==> dir [/usr/lib/gcc/x86_64-linux-gnu/4.8/../../..]
    arg [CMakeFiles/cmTryCompileExec2503124609.dir/CMakeCXXCompilerABI.cpp.o] ==> ignore
    arg [-lstdc++] ==> lib [stdc++]
    arg [-lm] ==> lib [m]
    arg [-lgcc_s] ==> lib [gcc_s]
    arg [-lgcc] ==> lib [gcc]
    arg [-lc] ==> lib [c]
    arg [-lgcc_s] ==> lib [gcc_s]
    arg [-lgcc] ==> lib [gcc]
    arg [/usr/lib/gcc/x86_64-linux-gnu/4.8/crtend.o] ==> ignore
    arg [/usr/lib/gcc/x86_64-linux-gnu/4.8/../../../x86_64-linux-gnu/crtn.o] ==> ignore
  remove lib [gcc_s]
  remove lib [gcc]
  remove lib [gcc_s]
  remove lib [gcc]
  collapse library dir [/usr/lib/gcc/x86_64-linux-gnu/4.8] ==> [/usr/lib/gcc/x86_64-linux-gnu/4.8]
  collapse library dir [/usr/lib/gcc/x86_64-linux-gnu/4.8/../../../x86_64-linux-gnu] ==> [/usr/lib/x86_64-linux-gnu]
  collapse library dir [/usr/lib/gcc/x86_64-linux-gnu/4.8/../../../../lib] ==> [/usr/lib]
  collapse library dir [/lib/x86_64-linux-gnu] ==> [/lib/x86_64-linux-gnu]
  collapse library dir [/lib/../lib] ==> [/lib]
  collapse library dir [/usr/lib/x86_64-linux-gnu] ==> [/usr/lib/x86_64-linux-gnu]
  collapse library dir [/usr/lib/../lib] ==> [/usr/lib]
  collapse library dir [/usr/lib/gcc/x86_64-linux-gnu/4.8/../../..] ==> [/usr/lib]
  implicit libs: [stdc++;m;c]
  implicit dirs: [/usr/lib/gcc/x86_64-linux-gnu/4.8;/usr/lib/x86_64-linux-gnu;/usr/lib;/lib/x86_64-linux-gnu;/lib]
  implicit fwks: []


Determining if files pthread.h exist passed with the following output:
Change Dir: /home/ritwik/oculus_project/OculusMatlab/build/CMakeFiles/CMakeTmp

Run Build Command:/usr/bin/make "cmTryCompileExec1592897684/fast"
/usr/bin/make -f CMakeFiles/cmTryCompileExec1592897684.dir/build.make CMakeFiles/cmTryCompileExec1592897684.dir/build
make[1]: Entering directory `/home/ritwik/oculus_project/OculusMatlab/build/CMakeFiles/CMakeTmp'
/usr/bin/cmake -E cmake_progress_report /home/ritwik/oculus_project/OculusMatlab/build/CMakeFiles/CMakeTmp/CMakeFiles 1
Building C object CMakeFiles/cmTryCompileExec1592897684.dir/CheckIncludeFiles.c.o
/usr/bin/cc   -fPIC    -o CMakeFiles/cmTryCompileExec1592897684.dir/CheckIncludeFiles.c.o   -c /home/ritwik/oculus_project/OculusMatlab/build/CMakeFiles/CMakeTmp/CheckIncludeFiles.c
Linking C executable cmTryCompileExec1592897684
/usr/bin/cmake -E cmake_link_script CMakeFiles/cmTryCompileExec1592897684.dir/link.txt --verbose=1
/usr/bin/cc   -fPIC     CMakeFiles/cmTryCompileExec1592897684.dir/CheckIncludeFiles.c.o  -o cmTryCompileExec1592897684 -rdynamic 
make[1]: Leaving directory `/home/ritwik/oculus_project/OculusMatlab/build/CMakeFiles/CMakeTmp'


Determining if the function pthread_create exists in the pthread passed with the following output:
Change Dir: /home/ritwik/oculus_project/OculusMatlab/build/CMakeFiles/CMakeTmp

Run Build Command:/usr/bin/make "cmTryCompileExec608161974/fast"
/usr/bin/make -f CMakeFiles/cmTryCompileExec608161974.dir/build.make CMakeFiles/cmTryCompileExec608161974.dir/build
make[1]: Entering directory `/home/ritwik/oculus_project/OculusMatlab/build/CMakeFiles/CMakeTmp'
/usr/bin/cmake -E cmake_progress_report /home/ritwik/oculus_project/OculusMatlab/build/CMakeFiles/CMakeTmp/CMakeFiles 1
Building C object CMakeFiles/cmTryCompileExec608161974.dir/CheckFunctionExists.c.o
/usr/bin/cc   -fPIC -DCHECK_FUNCTION_EXISTS=pthread_create   -o CMakeFiles/cmTryCompileExec608161974.dir/CheckFunctionExists.c.o   -c /usr/share/cmake-2.8/Modules/CheckFunctionExists.c
Linking C executable cmTryCompileExec608161974
/usr/bin/cmake -E cmake_link_script CMakeFiles/cmTryCompileExec608161974.dir/link.txt --verbose=1
/usr/bin/cc   -fPIC -DCHECK_FUNCTION_EXISTS=pthread_create    CMakeFiles/cmTryCompileExec608161974.dir/CheckFunctionExists.c.o  -o cmTryCompileExec608161974 -rdynamic -lpthread 
make[1]: Leaving directory `/home/ritwik/oculus_project/OculusMatlab/build/CMakeFiles/CMakeTmp'


Determining if the function XOpenDisplay exists in the /usr/lib/x86_64-linux-gnu/libX11.so;/usr/lib/x86_64-linux-gnu/libXext.so passed with the following output:
Change Dir: /home/ritwik/oculus_project/OculusMatlab/build/CMakeFiles/CMakeTmp

Run Build Command:/usr/bin/make "cmTryCompileExec542631992/fast"
/usr/bin/make -f CMakeFiles/cmTryCompileExec542631992.dir/build.make CMakeFiles/cmTryCompileExec542631992.dir/build
make[1]: Entering directory `/home/ritwik/oculus_project/OculusMatlab/build/CMakeFiles/CMakeTmp'
/usr/bin/cmake -E cmake_progress_report /home/ritwik/oculus_project/OculusMatlab/build/CMakeFiles/CMakeTmp/CMakeFiles 1
Building C object CMakeFiles/cmTryCompileExec542631992.dir/CheckFunctionExists.c.o
/usr/bin/cc   -fPIC -DCHECK_FUNCTION_EXISTS=XOpenDisplay   -o CMakeFiles/cmTryCompileExec542631992.dir/CheckFunctionExists.c.o   -c /usr/share/cmake-2.8/Modules/CheckFunctionExists.c
Linking C executable cmTryCompileExec542631992
/usr/bin/cmake -E cmake_link_script CMakeFiles/cmTryCompileExec542631992.dir/link.txt --verbose=1
/usr/bin/cc   -fPIC -DCHECK_FUNCTION_EXISTS=XOpenDisplay    CMakeFiles/cmTryCompileExec542631992.dir/CheckFunctionExists.c.o  -o cmTryCompileExec542631992 -rdynamic -lX11 -lXext 
make[1]: Leaving directory `/home/ritwik/oculus_project/OculusMatlab/build/CMakeFiles/CMakeTmp'


Determining if the function gethostbyname exists passed with the following output:
Change Dir: /home/ritwik/oculus_project/OculusMatlab/build/CMakeFiles/CMakeTmp

Run Build Command:/usr/bin/make "cmTryCompileExec2844808187/fast"
/usr/bin/make -f CMakeFiles/cmTryCompileExec2844808187.dir/build.make CMakeFiles/cmTryCompileExec2844808187.dir/build
make[1]: Entering directory `/home/ritwik/oculus_project/OculusMatlab/build/CMakeFiles/CMakeTmp'
/usr/bin/cmake -E cmake_progress_report /home/ritwik/oculus_project/OculusMatlab/build/CMakeFiles/CMakeTmp/CMakeFiles 1
Building C object CMakeFiles/cmTryCompileExec2844808187.dir/CheckFunctionExists.c.o
/usr/bin/cc   -fPIC -DCHECK_FUNCTION_EXISTS=gethostbyname   -o CMakeFiles/cmTryCompileExec2844808187.dir/CheckFunctionExists.c.o   -c /usr/share/cmake-2.8/Modules/CheckFunctionExists.c
Linking C executable cmTryCompileExec2844808187
/usr/bin/cmake -E cmake_link_script CMakeFiles/cmTryCompileExec2844808187.dir/link.txt --verbose=1
/usr/bin/cc   -fPIC -DCHECK_FUNCTION_EXISTS=gethostbyname    CMakeFiles/cmTryCompileExec2844808187.dir/CheckFunctionExists.c.o  -o cmTryCompileExec2844808187 -rdynamic 
make[1]: Leaving directory `/home/ritwik/oculus_project/OculusMatlab/build/CMakeFiles/CMakeTmp'


Determining if the function connect exists passed with the following output:
Change Dir: /home/ritwik/oculus_project/OculusMatlab/build/CMakeFiles/CMakeTmp

Run Build Command:/usr/bin/make "cmTryCompileExec2048917972/fast"
/usr/bin/make -f CMakeFiles/cmTryCompileExec2048917972.dir/build.make CMakeFiles/cmTryCompileExec2048917972.dir/build
make[1]: Entering directory `/home/ritwik/oculus_project/OculusMatlab/build/CMakeFiles/CMakeTmp'
/usr/bin/cmake -E cmake_progress_report /home/ritwik/oculus_project/OculusMatlab/build/CMakeFiles/CMakeTmp/CMakeFiles 1
Building C object CMakeFiles/cmTryCompileExec2048917972.dir/CheckFunctionExists.c.o
/usr/bin/cc   -fPIC -DCHECK_FUNCTION_EXISTS=connect   -o CMakeFiles/cmTryCompileExec2048917972.dir/CheckFunctionExists.c.o   -c /usr/share/cmake-2.8/Modules/CheckFunctionExists.c
Linking C executable cmTryCompileExec2048917972
/usr/bin/cmake -E cmake_link_script CMakeFiles/cmTryCompileExec2048917972.dir/link.txt --verbose=1
/usr/bin/cc   -fPIC -DCHECK_FUNCTION_EXISTS=connect    CMakeFiles/cmTryCompileExec2048917972.dir/CheckFunctionExists.c.o  -o cmTryCompileExec2048917972 -rdynamic 
make[1]: Leaving directory `/home/ritwik/oculus_project/OculusMatlab/build/CMakeFiles/CMakeTmp'


Determining if the function remove exists passed with the following output:
Change Dir: /home/ritwik/oculus_project/OculusMatlab/build/CMakeFiles/CMakeTmp

Run Build Command:/usr/bin/make "cmTryCompileExec1048246787/fast"
/usr/bin/make -f CMakeFiles/cmTryCompileExec1048246787.dir/build.make CMakeFiles/cmTryCompileExec1048246787.dir/build
make[1]: Entering directory `/home/ritwik/oculus_project/OculusMatlab/build/CMakeFiles/CMakeTmp'
/usr/bin/cmake -E cmake_progress_report /home/ritwik/oculus_project/OculusMatlab/build/CMakeFiles/CMakeTmp/CMakeFiles 1
Building C object CMakeFiles/cmTryCompileExec1048246787.dir/CheckFunctionExists.c.o
/usr/bin/cc   -fPIC -DCHECK_FUNCTION_EXISTS=remove   -o CMakeFiles/cmTryCompileExec1048246787.dir/CheckFunctionExists.c.o   -c /usr/share/cmake-2.8/Modules/CheckFunctionExists.c
Linking C executable cmTryCompileExec1048246787
/usr/bin/cmake -E cmake_link_script CMakeFiles/cmTryCompileExec1048246787.dir/link.txt --verbose=1
/usr/bin/cc   -fPIC -DCHECK_FUNCTION_EXISTS=remove    CMakeFiles/cmTryCompileExec1048246787.dir/CheckFunctionExists.c.o  -o cmTryCompileExec1048246787 -rdynamic 
make[1]: Leaving directory `/home/ritwik/oculus_project/OculusMatlab/build/CMakeFiles/CMakeTmp'


Determining if the function shmat exists passed with the following output:
Change Dir: /home/ritwik/oculus_project/OculusMatlab/build/CMakeFiles/CMakeTmp

Run Build Command:/usr/bin/make "cmTryCompileExec3482812451/fast"
/usr/bin/make -f CMakeFiles/cmTryCompileExec3482812451.dir/build.make CMakeFiles/cmTryCompileExec3482812451.dir/build
make[1]: Entering directory `/home/ritwik/oculus_project/OculusMatlab/build/CMakeFiles/CMakeTmp'
/usr/bin/cmake -E cmake_progress_report /home/ritwik/oculus_project/OculusMatlab/build/CMakeFiles/CMakeTmp/CMakeFiles 1
Building C object CMakeFiles/cmTryCompileExec3482812451.dir/CheckFunctionExists.c.o
/usr/bin/cc   -fPIC -DCHECK_FUNCTION_EXISTS=shmat   -o CMakeFiles/cmTryCompileExec3482812451.dir/CheckFunctionExists.c.o   -c /usr/share/cmake-2.8/Modules/CheckFunctionExists.c
Linking C executable cmTryCompileExec3482812451
/usr/bin/cmake -E cmake_link_script CMakeFiles/cmTryCompileExec3482812451.dir/link.txt --verbose=1
/usr/bin/cc   -fPIC -DCHECK_FUNCTION_EXISTS=shmat    CMakeFiles/cmTryCompileExec3482812451.dir/CheckFunctionExists.c.o  -o cmTryCompileExec3482812451 -rdynamic 
make[1]: Leaving directory `/home/ritwik/oculus_project/OculusMatlab/build/CMakeFiles/CMakeTmp'


Determining if the function IceConnectionNumber exists in the ICE passed with the following output:
Change Dir: /home/ritwik/oculus_project/OculusMatlab/build/CMakeFiles/CMakeTmp

Run Build Command:/usr/bin/make "cmTryCompileExec55750779/fast"
/usr/bin/make -f CMakeFiles/cmTryCompileExec55750779.dir/build.make CMakeFiles/cmTryCompileExec55750779.dir/build
make[1]: Entering directory `/home/ritwik/oculus_project/OculusMatlab/build/CMakeFiles/CMakeTmp'
/usr/bin/cmake -E cmake_progress_report /home/ritwik/oculus_project/OculusMatlab/build/CMakeFiles/CMakeTmp/CMakeFiles 1
Building C object CMakeFiles/cmTryCompileExec55750779.dir/CheckFunctionExists.c.o
/usr/bin/cc   -fPIC -DCHECK_FUNCTION_EXISTS=IceConnectionNumber   -o CMakeFiles/cmTryCompileExec55750779.dir/CheckFunctionExists.c.o   -c /usr/share/cmake-2.8/Modules/CheckFunctionExists.c
Linking C executable cmTryCompileExec55750779
/usr/bin/cmake -E cmake_link_script CMakeFiles/cmTryCompileExec55750779.dir/link.txt --verbose=1
/usr/bin/cc   -fPIC -DCHECK_FUNCTION_EXISTS=IceConnectionNumber    CMakeFiles/cmTryCompileExec55750779.dir/CheckFunctionExists.c.o  -o cmTryCompileExec55750779 -rdynamic -lICE 
make[1]: Leaving directory `/home/ritwik/oculus_project/OculusMatlab/build/CMakeFiles/CMakeTmp'


Determining if the function glXGetProcAddress exists passed with the following output:
Change Dir: /home/ritwik/oculus_project/OculusMatlab/build/CMakeFiles/CMakeTmp

Run Build Command:/usr/bin/make "cmTryCompileExec1149518210/fast"
/usr/bin/make -f CMakeFiles/cmTryCompileExec1149518210.dir/build.make CMakeFiles/cmTryCompileExec1149518210.dir/build
make[1]: Entering directory `/home/ritwik/oculus_project/OculusMatlab/build/CMakeFiles/CMakeTmp'
/usr/bin/cmake -E cmake_progress_report /home/ritwik/oculus_project/OculusMatlab/build/CMakeFiles/CMakeTmp/CMakeFiles 1
Building C object CMakeFiles/cmTryCompileExec1149518210.dir/CheckFunctionExists.c.o
/usr/bin/cc   -fPIC -DCHECK_FUNCTION_EXISTS=glXGetProcAddress   -o CMakeFiles/cmTryCompileExec1149518210.dir/CheckFunctionExists.c.o   -c /usr/share/cmake-2.8/Modules/CheckFunctionExists.c
Linking C executable cmTryCompileExec1149518210
/usr/bin/cmake -E cmake_link_script CMakeFiles/cmTryCompileExec1149518210.dir/link.txt --verbose=1
/usr/bin/cc   -fPIC -DCHECK_FUNCTION_EXISTS=glXGetProcAddress    CMakeFiles/cmTryCompileExec1149518210.dir/CheckFunctionExists.c.o  -o cmTryCompileExec1149518210 -rdynamic -lGL 
make[1]: Leaving directory `/home/ritwik/oculus_project/OculusMatlab/build/CMakeFiles/CMakeTmp'


Determining if the function glXGetProcAddressARB exists passed with the following output:
Change Dir: /home/ritwik/oculus_project/OculusMatlab/build/CMakeFiles/CMakeTmp

Run Build Command:/usr/bin/make "cmTryCompileExec3266352659/fast"
/usr/bin/make -f CMakeFiles/cmTryCompileExec3266352659.dir/build.make CMakeFiles/cmTryCompileExec3266352659.dir/build
make[1]: Entering directory `/home/ritwik/oculus_project/OculusMatlab/build/CMakeFiles/CMakeTmp'
/usr/bin/cmake -E cmake_progress_report /home/ritwik/oculus_project/OculusMatlab/build/CMakeFiles/CMakeTmp/CMakeFiles 1
Building C object CMakeFiles/cmTryCompileExec3266352659.dir/CheckFunctionExists.c.o
/usr/bin/cc   -fPIC -DCHECK_FUNCTION_EXISTS=glXGetProcAddressARB   -o CMakeFiles/cmTryCompileExec3266352659.dir/CheckFunctionExists.c.o   -c /usr/share/cmake-2.8/Modules/CheckFunctionExists.c
Linking C executable cmTryCompileExec3266352659
/usr/bin/cmake -E cmake_link_script CMakeFiles/cmTryCompileExec3266352659.dir/link.txt --verbose=1
/usr/bin/cc   -fPIC -DCHECK_FUNCTION_EXISTS=glXGetProcAddressARB    CMakeFiles/cmTryCompileExec3266352659.dir/CheckFunctionExists.c.o  -o cmTryCompileExec3266352659 -rdynamic -lGL 
make[1]: Leaving directory `/home/ritwik/oculus_project/OculusMatlab/build/CMakeFiles/CMakeTmp'


Performing C++ SOURCE FILE Test COMPILER_HAS_HIDDEN_VISIBILITY succeded with the following output:
Change Dir: /home/ritwik/oculus_project/OculusMatlab/build/CMakeFiles/CMakeTmp

Run Build Command:/usr/bin/make "cmTryCompileExec3738545360/fast"
/usr/bin/make -f CMakeFiles/cmTryCompileExec3738545360.dir/build.make CMakeFiles/cmTryCompileExec3738545360.dir/build
make[1]: Entering directory `/home/ritwik/oculus_project/OculusMatlab/build/CMakeFiles/CMakeTmp'
/usr/bin/cmake -E cmake_progress_report /home/ritwik/oculus_project/OculusMatlab/build/CMakeFiles/CMakeTmp/CMakeFiles 1
Building CXX object CMakeFiles/cmTryCompileExec3738545360.dir/src.cxx.o
/usr/bin/c++    -std=c++11 -fPIC -DCOMPILER_HAS_HIDDEN_VISIBILITY   -fvisibility=hidden -o CMakeFiles/cmTryCompileExec3738545360.dir/src.cxx.o -c /home/ritwik/oculus_project/OculusMatlab/build/CMakeFiles/CMakeTmp/src.cxx
Linking CXX executable cmTryCompileExec3738545360
/usr/bin/cmake -E cmake_link_script CMakeFiles/cmTryCompileExec3738545360.dir/link.txt --verbose=1
/usr/bin/c++    -std=c++11 -fPIC -DCOMPILER_HAS_HIDDEN_VISIBILITY    CMakeFiles/cmTryCompileExec3738545360.dir/src.cxx.o  -o cmTryCompileExec3738545360 -rdynamic 
make[1]: Leaving directory `/home/ritwik/oculus_project/OculusMatlab/build/CMakeFiles/CMakeTmp'

Source file was:
int main() { return 0;}
Performing C++ SOURCE FILE Test COMPILER_HAS_HIDDEN_INLINE_VISIBILITY succeded with the following output:
Change Dir: /home/ritwik/oculus_project/OculusMatlab/build/CMakeFiles/CMakeTmp

Run Build Command:/usr/bin/make "cmTryCompileExec2454287842/fast"
/usr/bin/make -f CMakeFiles/cmTryCompileExec2454287842.dir/build.make CMakeFiles/cmTryCompileExec2454287842.dir/build
make[1]: Entering directory `/home/ritwik/oculus_project/OculusMatlab/build/CMakeFiles/CMakeTmp'
/usr/bin/cmake -E cmake_progress_report /home/ritwik/oculus_project/OculusMatlab/build/CMakeFiles/CMakeTmp/CMakeFiles 1
Building CXX object CMakeFiles/cmTryCompileExec2454287842.dir/src.cxx.o
/usr/bin/c++    -std=c++11 -fPIC -DCOMPILER_HAS_HIDDEN_INLINE_VISIBILITY   -fvisibility-inlines-hidden -o CMakeFiles/cmTryCompileExec2454287842.dir/src.cxx.o -c /home/ritwik/oculus_project/OculusMatlab/build/CMakeFiles/CMakeTmp/src.cxx
Linking CXX executable cmTryCompileExec2454287842
/usr/bin/cmake -E cmake_link_script CMakeFiles/cmTryCompileExec2454287842.dir/link.txt --verbose=1
/usr/bin/c++    -std=c++11 -fPIC -DCOMPILER_HAS_HIDDEN_INLINE_VISIBILITY    CMakeFiles/cmTryCompileExec2454287842.dir/src.cxx.o  -o cmTryCompileExec2454287842 -rdynamic 
make[1]: Leaving directory `/home/ritwik/oculus_project/OculusMatlab/build/CMakeFiles/CMakeTmp'

Source file was:
int main() { return 0;}
Performing C++ SOURCE FILE Test COMPILER_HAS_DEPRECATED_ATTR succeded with the following output:
Change Dir: /home/ritwik/oculus_project/OculusMatlab/build/CMakeFiles/CMakeTmp

Run Build Command:/usr/bin/make "cmTryCompileExec2671579508/fast"
/usr/bin/make -f CMakeFiles/cmTryCompileExec2671579508.dir/build.make CMakeFiles/cmTryCompileExec2671579508.dir/build
make[1]: Entering directory `/home/ritwik/oculus_project/OculusMatlab/build/CMakeFiles/CMakeTmp'
/usr/bin/cmake -E cmake_progress_report /home/ritwik/oculus_project/OculusMatlab/build/CMakeFiles/CMakeTmp/CMakeFiles 1
Building CXX object CMakeFiles/cmTryCompileExec2671579508.dir/src.cxx.o
/usr/bin/c++    -std=c++11 -fPIC -DCOMPILER_HAS_DEPRECATED_ATTR   -o CMakeFiles/cmTryCompileExec2671579508.dir/src.cxx.o -c /home/ritwik/oculus_project/OculusMatlab/build/CMakeFiles/CMakeTmp/src.cxx
/home/ritwik/oculus_project/OculusMatlab/build/CMakeFiles/CMakeTmp/src.cxx: In function ‘int main()’:
/home/ritwik/oculus_project/OculusMatlab/build/CMakeFiles/CMakeTmp/src.cxx:2:25: warning: ‘int somefunc()’ is deprecated (declared at /home/ritwik/oculus_project/OculusMatlab/build/CMakeFiles/CMakeTmp/src.cxx:1) [-Wdeprecated-declarations]
     int main() { return somefunc();}
                         ^
/home/ritwik/oculus_project/OculusMatlab/build/CMakeFiles/CMakeTmp/src.cxx:2:34: warning: ‘int somefunc()’ is deprecated (declared at /home/ritwik/oculus_project/OculusMatlab/build/CMakeFiles/CMakeTmp/src.cxx:1) [-Wdeprecated-declarations]
     int main() { return somefunc();}
                                  ^
Linking CXX executable cmTryCompileExec2671579508
/usr/bin/cmake -E cmake_link_script CMakeFiles/cmTryCompileExec2671579508.dir/link.txt --verbose=1
/usr/bin/c++    -std=c++11 -fPIC -DCOMPILER_HAS_DEPRECATED_ATTR    CMakeFiles/cmTryCompileExec2671579508.dir/src.cxx.o  -o cmTryCompileExec2671579508 -rdynamic 
make[1]: Leaving directory `/home/ritwik/oculus_project/OculusMatlab/build/CMakeFiles/CMakeTmp'

Source file was:
__attribute__((__deprecated__)) int somefunc() { return 0; }
    int main() { return somefunc();}
