Determining if the pthread_create exist failed with the following output:
Change Dir: /home/ritwik/oculus_project/OculusMatlab/build/CMakeFiles/CMakeTmp

Run Build Command:/usr/bin/make "cmTryCompileExec4001989495/fast"
/usr/bin/make -f CMakeFiles/cmTryCompileExec4001989495.dir/build.make CMakeFiles/cmTryCompileExec4001989495.dir/build
make[1]: Entering directory `/home/ritwik/oculus_project/OculusMatlab/build/CMakeFiles/CMakeTmp'
/usr/bin/cmake -E cmake_progress_report /home/ritwik/oculus_project/OculusMatlab/build/CMakeFiles/CMakeTmp/CMakeFiles 1
Building C object CMakeFiles/cmTryCompileExec4001989495.dir/CheckSymbolExists.c.o
/usr/bin/cc   -fPIC    -o CMakeFiles/cmTryCompileExec4001989495.dir/CheckSymbolExists.c.o   -c /home/ritwik/oculus_project/OculusMatlab/build/CMakeFiles/CMakeTmp/CheckSymbolExists.c
Linking C executable cmTryCompileExec4001989495
/usr/bin/cmake -E cmake_link_script CMakeFiles/cmTryCompileExec4001989495.dir/link.txt --verbose=1
/usr/bin/cc   -fPIC     CMakeFiles/cmTryCompileExec4001989495.dir/CheckSymbolExists.c.o  -o cmTryCompileExec4001989495 -rdynamic 
CMakeFiles/cmTryCompileExec4001989495.dir/CheckSymbolExists.c.o: In function `main':
CheckSymbolExists.c:(.text+0x1b): undefined reference to `pthread_create'
collect2: error: ld returned 1 exit status
make[1]: *** [cmTryCompileExec4001989495] Error 1
make[1]: Leaving directory `/home/ritwik/oculus_project/OculusMatlab/build/CMakeFiles/CMakeTmp'
make: *** [cmTryCompileExec4001989495/fast] Error 2

File /home/ritwik/oculus_project/OculusMatlab/build/CMakeFiles/CMakeTmp/CheckSymbolExists.c:
/* */
#include <pthread.h>

int main(int argc, char** argv)
{
  (void)argv;
#ifndef pthread_create
  return ((int*)(&pthread_create))[argc];
#else
  (void)argc;
  return 0;
#endif
}

Determining if the function pthread_create exists in the pthreads failed with the following output:
Change Dir: /home/ritwik/oculus_project/OculusMatlab/build/CMakeFiles/CMakeTmp

Run Build Command:/usr/bin/make "cmTryCompileExec4062228655/fast"
/usr/bin/make -f CMakeFiles/cmTryCompileExec4062228655.dir/build.make CMakeFiles/cmTryCompileExec4062228655.dir/build
make[1]: Entering directory `/home/ritwik/oculus_project/OculusMatlab/build/CMakeFiles/CMakeTmp'
/usr/bin/cmake -E cmake_progress_report /home/ritwik/oculus_project/OculusMatlab/build/CMakeFiles/CMakeTmp/CMakeFiles 1
Building C object CMakeFiles/cmTryCompileExec4062228655.dir/CheckFunctionExists.c.o
/usr/bin/cc   -fPIC -DCHECK_FUNCTION_EXISTS=pthread_create   -o CMakeFiles/cmTryCompileExec4062228655.dir/CheckFunctionExists.c.o   -c /usr/share/cmake-2.8/Modules/CheckFunctionExists.c
Linking C executable cmTryCompileExec4062228655
/usr/bin/cmake -E cmake_link_script CMakeFiles/cmTryCompileExec4062228655.dir/link.txt --verbose=1
/usr/bin/cc   -fPIC -DCHECK_FUNCTION_EXISTS=pthread_create    CMakeFiles/cmTryCompileExec4062228655.dir/CheckFunctionExists.c.o  -o cmTryCompileExec4062228655 -rdynamic -lpthreads 
/usr/bin/ld: cannot find -lpthreads
collect2: error: ld returned 1 exit status
make[1]: Leaving directory `/home/ritwik/oculus_project/OculusMatlab/build/CMakeFiles/CMakeTmp'
make[1]: *** [cmTryCompileExec4062228655] Error 1
make: *** [cmTryCompileExec4062228655/fast] Error 2


Determining if the function glXGetProcAddressEXT exists failed with the following output:
Change Dir: /home/ritwik/oculus_project/OculusMatlab/build/CMakeFiles/CMakeTmp

Run Build Command:/usr/bin/make "cmTryCompileExec3938031867/fast"
/usr/bin/make -f CMakeFiles/cmTryCompileExec3938031867.dir/build.make CMakeFiles/cmTryCompileExec3938031867.dir/build
make[1]: Entering directory `/home/ritwik/oculus_project/OculusMatlab/build/CMakeFiles/CMakeTmp'
/usr/bin/cmake -E cmake_progress_report /home/ritwik/oculus_project/OculusMatlab/build/CMakeFiles/CMakeTmp/CMakeFiles 1
Building C object CMakeFiles/cmTryCompileExec3938031867.dir/CheckFunctionExists.c.o
/usr/bin/cc   -fPIC -DCHECK_FUNCTION_EXISTS=glXGetProcAddressEXT   -o CMakeFiles/cmTryCompileExec3938031867.dir/CheckFunctionExists.c.o   -c /usr/share/cmake-2.8/Modules/CheckFunctionExists.c
Linking C executable cmTryCompileExec3938031867
/usr/bin/cmake -E cmake_link_script CMakeFiles/cmTryCompileExec3938031867.dir/link.txt --verbose=1
/usr/bin/cc   -fPIC -DCHECK_FUNCTION_EXISTS=glXGetProcAddressEXT    CMakeFiles/cmTryCompileExec3938031867.dir/CheckFunctionExists.c.o  -o cmTryCompileExec3938031867 -rdynamic -lGL 
CMakeFiles/cmTryCompileExec3938031867.dir/CheckFunctionExists.c.o: In function `main':
CheckFunctionExists.c:(.text+0x15): undefined reference to `glXGetProcAddressEXT'
collect2: error: ld returned 1 exit status
make[1]: Leaving directory `/home/ritwik/oculus_project/OculusMatlab/build/CMakeFiles/CMakeTmp'
make[1]: *** [cmTryCompileExec3938031867] Error 1
make: *** [cmTryCompileExec3938031867/fast] Error 2


